<?xml version="1.0" encoding="UTF-8"?>
<!-- Generated by org.testng.reporters.JUnitReportReporter -->
<testsuite hostname="RNT-PUN-1138" failures="0" tests="1" name="Tests.UseInsider" time="21.459" errors="0" timestamp="2022-06-27T14:52:48 IST" skipped="0">
  <testcase classname="Tests.UseInsider" name="openBrowser" time="21.459"/>
  <system-out/>
</testsuite> <!-- Tests.UseInsider -->
