<?xml version="1.0" encoding="UTF-8"?>
<!-- Generated by org.testng.reporters.JUnitReportReporter -->
<testsuite hostname="RNT-PUN-1138" failures="0" tests="1" name="Tests.UseInsider" time="12.365" errors="0" timestamp="2022-06-25T14:21:13 IST" skipped="0">
  <testcase classname="Tests.UseInsider" name="openBrowser" time="12.365"/>
  <system-out/>
</testsuite> <!-- Tests.UseInsider -->
