<?xml version="1.0" encoding="UTF-8"?>
<!-- Generated by org.testng.reporters.JUnitReportReporter -->
<testsuite hostname="RNT-PUN-1138" failures="0" tests="1" name="Tests.UseInsider" time="19.849" errors="0" timestamp="28 Jun 2022 11:34:46 GMT" skipped="0">
  <testcase classname="Tests.UseInsider" name="openBrowser" time="19.849"/>
</testsuite> <!-- Tests.UseInsider -->
